#
# There is insufficient memory for the Java Runtime Environment to continue.
# Native memory allocation (malloc) failed to allocate 393856 bytes for Chunk::new
# Possible reasons:
#   The system is out of physical RAM or swap space
#   In 32 bit mode, the process size limit was hit
# Possible solutions:
#   Reduce memory load on the system
#   Increase physical memory or swap space
#   Check if swap backing store is full
#   Use 64 bit Java on a 64 bit OS
#   Decrease Java heap size (-Xmx/-Xms)
#   Decrease number of Java threads
#   Decrease Java thread stack sizes (-Xss)
#   Set larger code cache with -XX:ReservedCodeCacheSize=
# This output file may be truncated or incomplete.
#
#  Out of Memory Error (allocation.cpp:390), pid=52576, tid=0x000000000000c6c8
#
# JRE version: Java(TM) SE Runtime Environment (8.0_131-b11) (build 1.8.0_131-b11)
# Java VM: Java HotSpot(TM) 64-Bit Server VM (25.131-b11 mixed mode windows-amd64 compressed oops)
# Failed to write core dump. Minidumps are not enabled by default on client versions of Windows
#

---------------  T H R E A D  ---------------

Current thread (0x0000000019d4a800):  JavaThread "C2 CompilerThread2" daemon [_thread_in_native, id=50888, stack(0x000000001a5b0000,0x000000001a6b0000)]

Stack: [0x000000001a5b0000,0x000000001a6b0000]
[error occurred during error reporting (printing stack bounds), id 0xc0000005]

Native frames: (J=compiled Java code, j=interpreted, Vv=VM code, C=native code)


Current CompileTask:
C2:   9760  891 % !   4       DP.Model_tools::write_back @ 172 (314 bytes)


---------------  P R O C E S S  ---------------

Java Threads: ( => current thread )
  0x0000000019d8f000 JavaThread "Service Thread" daemon [_thread_blocked, id=51920, stack(0x000000001a7b0000,0x000000001a8b0000)]
  0x0000000019d4e800 JavaThread "C1 CompilerThread3" daemon [_thread_blocked, id=42564, stack(0x000000001a6b0000,0x000000001a7b0000)]
=>0x0000000019d4a800 JavaThread "C2 CompilerThread2" daemon [_thread_in_native, id=50888, stack(0x000000001a5b0000,0x000000001a6b0000)]
  0x0000000019d45800 JavaThread "C2 CompilerThread1" daemon [_thread_blocked, id=45496, stack(0x000000001a4b0000,0x000000001a5b0000)]
  0x0000000019d3f000 JavaThread "C2 CompilerThread0" daemon [_thread_blocked, id=45092, stack(0x000000001a3b0000,0x000000001a4b0000)]
  0x0000000019d3e000 JavaThread "Attach Listener" daemon [_thread_blocked, id=41040, stack(0x000000001a2b0000,0x000000001a3b0000)]
  0x0000000019cea000 JavaThread "Signal Dispatcher" daemon [_thread_blocked, id=42196, stack(0x000000001a1b0000,0x000000001a2b0000)]
  0x0000000019cd0800 JavaThread "Finalizer" daemon [_thread_blocked, id=10120, stack(0x000000001a0b0000,0x000000001a1b0000)]
  0x0000000002e17000 JavaThread "Reference Handler" daemon [_thread_blocked, id=54352, stack(0x0000000019bb0000,0x0000000019cb0000)]
  0x0000000002d20800 JavaThread "main" [_thread_in_Java, id=54764, stack(0x0000000002c20000,0x0000000002d20000)]

Other Threads:
  0x0000000017dd9000 VMThread [stack: 0x0000000019ab0000,0x0000000019bb0000] [id=43600]
  0x0000000019e37800 WatcherThread [stack: 0x000000001a8b0000,0x000000001a9b0000] [id=38740]

VM state:not at safepoint (normal execution)

VM Mutex/Monitor currently owned by a thread: None

Heap:
 PSYoungGen      total 269824K, used 229695K [0x00000000d5c00000, 0x00000000f0800000, 0x0000000100000000)
  eden space 106496K, 79% used [0x00000000d5c00000,0x00000000daf14998,0x00000000dc400000)
  from space 163328K, 88% used [0x00000000dc400000,0x00000000e513b360,0x00000000e6380000)
  to   space 154112K, 0% used [0x00000000e6380000,0x00000000e6380000,0x00000000efa00000)
 ParOldGen       total 445952K, used 278146K [0x0000000081400000, 0x000000009c780000, 0x00000000d5c00000)
  object space 445952K, 62% used [0x0000000081400000,0x00000000923a0bc0,0x000000009c780000)
 Metaspace       used 6489K, capacity 6706K, committed 6912K, reserved 1056768K
  class space    used 691K, capacity 764K, committed 768K, reserved 1048576K

Card table byte_map: [0x00000000121e0000,0x00000000125e0000] byte_map_base: 0x0000000011dd6000

Marking Bits: (ParMarkBitMap*) 0x000000007706c720
 Begin Bits: [0x0000000013090000, 0x0000000015040000)
 End Bits:   [0x0000000015040000, 0x0000000016ff0000)

Polling page: 0x0000000000af0000

CodeCache: size=245760Kb used=4018Kb max_used=4030Kb free=241741Kb
 bounds [0x0000000002e20000, 0x0000000003220000, 0x0000000011e20000]
 total_blobs=1204 nmethods=891 adapters=226
 compilation: enabled

Compilation events (10 events):
Event: 9.254 Thread 0x0000000019d4a800 nmethod 886 0x00000000031f2810 code [0x00000000031f2940, 0x00000000031f29d8]
Event: 9.495 Thread 0x0000000019d4e800  887 % !   3       DP.Model_tools::write_back @ 172 (314 bytes)
Event: 9.498 Thread 0x0000000019d4e800 nmethod 887% 0x0000000003201310 code [0x00000000032019c0, 0x0000000003206018]
Event: 9.501 Thread 0x0000000019d4e800  888   !   3       DP.Model_tools::write_back (314 bytes)
Event: 9.503 Thread 0x0000000019d4e800 nmethod 888 0x00000000032091d0 code [0x0000000003209860, 0x000000000320db98]
Event: 9.605 Thread 0x0000000019d3f000  889       4       java.nio.CharBuffer::arrayOffset (35 bytes)
Event: 9.606 Thread 0x0000000019d3f000 nmethod 889 0x00000000031f6b50 code [0x00000000031f6c80, 0x00000000031f6d18]
Event: 9.639 Thread 0x0000000019d45800  890   !   4       java.nio.charset.CharsetDecoder::decode (287 bytes)
Event: 9.650 Thread 0x0000000019d45800 nmethod 890 0x0000000003212d10 code [0x0000000003212fc0, 0x00000000032139a0]
Event: 9.667 Thread 0x0000000019d4a800  891 % !   4       DP.Model_tools::write_back @ 172 (314 bytes)

GC Heap History (10 events):
Event: 3.522 GC heap before
{Heap before GC invocations=16 (full 3):
 PSYoungGen      total 237568K, used 107441K [0x00000000d5c00000, 0x00000000efa00000, 0x0000000100000000)
  eden space 93184K, 0% used [0x00000000d5c00000,0x00000000d5c00000,0x00000000db700000)
  from space 144384K, 74% used [0x00000000db700000,0x00000000e1fec698,0x00000000e4400000)
  to   space 154112K, 0% used [0x00000000e6380000,0x00000000e6380000,0x00000000efa00000)
 ParOldGen       total 278528K, used 255902K [0x0000000081400000, 0x0000000092400000, 0x00000000d5c00000)
  object space 278528K, 91% used [0x0000000081400000,0x0000000090de7868,0x0000000092400000)
 Metaspace       used 5061K, capacity 5234K, committed 5504K, reserved 1056768K
  class space    used 538K, capacity 594K, committed 640K, reserved 1048576K
Event: 4.758 GC heap after
Heap after GC invocations=16 (full 3):
 PSYoungGen      total 237568K, used 81121K [0x00000000d5c00000, 0x00000000efa00000, 0x0000000100000000)
  eden space 93184K, 0% used [0x00000000d5c00000,0x00000000d5c00000,0x00000000db700000)
  from space 144384K, 56% used [0x00000000db700000,0x00000000e0638618,0x00000000e4400000)
  to   space 154112K, 0% used [0x00000000e6380000,0x00000000e6380000,0x00000000efa00000)
 ParOldGen       total 445952K, used 278138K [0x0000000081400000, 0x000000009c780000, 0x00000000d5c00000)
  object space 445952K, 62% used [0x0000000081400000,0x000000009239ebc0,0x000000009c780000)
 Metaspace       used 5061K, capacity 5234K, committed 5504K, reserved 1056768K
  class space    used 538K, capacity 594K, committed 640K, reserved 1048576K
}
Event: 4.865 GC heap before
{Heap before GC invocations=17 (full 3):
 PSYoungGen      total 237568K, used 174305K [0x00000000d5c00000, 0x00000000efa00000, 0x0000000100000000)
  eden space 93184K, 100% used [0x00000000d5c00000,0x00000000db700000,0x00000000db700000)
  from space 144384K, 56% used [0x00000000db700000,0x00000000e0638618,0x00000000e4400000)
  to   space 154112K, 0% used [0x00000000e6380000,0x00000000e6380000,0x00000000efa00000)
 ParOldGen       total 445952K, used 278138K [0x0000000081400000, 0x000000009c780000, 0x00000000d5c00000)
  object space 445952K, 62% used [0x0000000081400000,0x000000009239ebc0,0x000000009c780000)
 Metaspace       used 5070K, capacity 5234K, committed 5504K, reserved 1056768K
  class space    used 539K, capacity 594K, committed 640K, reserved 1048576K
Event: 4.932 GC heap after
Heap after GC invocations=17 (full 3):
 PSYoungGen      total 260608K, used 112025K [0x00000000d5c00000, 0x00000000f0800000, 0x0000000100000000)
  eden space 106496K, 0% used [0x00000000d5c00000,0x00000000d5c00000,0x00000000dc400000)
  from space 154112K, 72% used [0x00000000e6380000,0x00000000ed0e6520,0x00000000efa00000)
  to   space 163328K, 0% used [0x00000000dc400000,0x00000000dc400000,0x00000000e6380000)
 ParOldGen       total 445952K, used 278138K [0x0000000081400000, 0x000000009c780000, 0x00000000d5c00000)
  object space 445952K, 62% used [0x0000000081400000,0x000000009239ebc0,0x000000009c780000)
 Metaspace       used 5070K, capacity 5234K, committed 5504K, reserved 1056768K
  class space    used 539K, capacity 594K, committed 640K, reserved 1048576K
}
Event: 6.777 GC heap before
{Heap before GC invocations=18 (full 3):
 PSYoungGen      total 260608K, used 218521K [0x00000000d5c00000, 0x00000000f0800000, 0x0000000100000000)
  eden space 106496K, 100% used [0x00000000d5c00000,0x00000000dc400000,0x00000000dc400000)
  from space 154112K, 72% used [0x00000000e6380000,0x00000000ed0e6520,0x00000000efa00000)
  to   space 163328K, 0% used [0x00000000dc400000,0x00000000dc400000,0x00000000e6380000)
 ParOldGen       total 445952K, used 278138K [0x0000000081400000, 0x000000009c780000, 0x00000000d5c00000)
  object space 445952K, 62% used [0x0000000081400000,0x000000009239ebc0,0x000000009c780000)
 Metaspace       used 5241K, capacity 5362K, committed 5504K, reserved 1056768K
  class space    used 554K, capacity 594K, committed 640K, reserved 1048576K
Event: 6.827 GC heap after
Heap after GC invocations=18 (full 3):
 PSYoungGen      total 269824K, used 134257K [0x00000000d5c00000, 0x00000000f0800000, 0x0000000100000000)
  eden space 106496K, 0% used [0x00000000d5c00000,0x00000000d5c00000,0x00000000dc400000)
  from space 163328K, 82% used [0x00000000dc400000,0x00000000e471c5b8,0x00000000e6380000)
  to   space 154112K, 0% used [0x00000000e6380000,0x00000000e6380000,0x00000000efa00000)
 ParOldGen       total 445952K, used 278138K [0x0000000081400000, 0x000000009c780000, 0x00000000d5c00000)
  object space 445952K, 62% used [0x0000000081400000,0x000000009239ebc0,0x000000009c780000)
 Metaspace       used 5241K, capacity 5362K, committed 5504K, reserved 1056768K
  class space    used 554K, capacity 594K, committed 640K, reserved 1048576K
}
Event: 8.791 GC heap before
{Heap before GC invocations=19 (full 3):
 PSYoungGen      total 269824K, used 240753K [0x00000000d5c00000, 0x00000000f0800000, 0x0000000100000000)
  eden space 106496K, 100% used [0x00000000d5c00000,0x00000000dc400000,0x00000000dc400000)
  from space 163328K, 82% used [0x00000000dc400000,0x00000000e471c5b8,0x00000000e6380000)
  to   space 154112K, 0% used [0x00000000e6380000,0x00000000e6380000,0x00000000efa00000)
 ParOldGen       total 445952K, used 278138K [0x0000000081400000, 0x000000009c780000, 0x00000000d5c00000)
  object space 445952K, 62% used [0x0000000081400000,0x000000009239ebc0,0x000000009c780000)
 Metaspace       used 6420K, capacity 6642K, committed 6656K, reserved 1056768K
  class space    used 691K, capacity 764K, committed 768K, reserved 1048576K
Event: 8.850 GC heap after
Heap after GC invocations=19 (full 3):
 PSYoungGen      total 260608K, used 144587K [0x00000000d5c00000, 0x00000000f0800000, 0x0000000100000000)
  eden space 106496K, 0% used [0x00000000d5c00000,0x00000000d5c00000,0x00000000dc400000)
  from space 154112K, 93% used [0x00000000e6380000,0x00000000ef0b2f40,0x00000000efa00000)
  to   space 163328K, 0% used [0x00000000dc400000,0x00000000dc400000,0x00000000e6380000)
 ParOldGen       total 445952K, used 278146K [0x0000000081400000, 0x000000009c780000, 0x00000000d5c00000)
  object space 445952K, 62% used [0x0000000081400000,0x00000000923a0bc0,0x000000009c780000)
 Metaspace       used 6420K, capacity 6642K, committed 6656K, reserved 1056768K
  class space    used 691K, capacity 764K, committed 768K, reserved 1048576K
}
Event: 9.404 GC heap before
{Heap before GC invocations=20 (full 3):
 PSYoungGen      total 260608K, used 251083K [0x00000000d5c00000, 0x00000000f0800000, 0x0000000100000000)
  eden space 106496K, 100% used [0x00000000d5c00000,0x00000000dc400000,0x00000000dc400000)
  from space 154112K, 93% used [0x00000000e6380000,0x00000000ef0b2f40,0x00000000efa00000)
  to   space 163328K, 0% used [0x00000000dc400000,0x00000000dc400000,0x00000000e6380000)
 ParOldGen       total 445952K, used 278146K [0x0000000081400000, 0x000000009c780000, 0x00000000d5c00000)
  object space 445952K, 62% used [0x0000000081400000,0x00000000923a0bc0,0x000000009c780000)
 Metaspace       used 6480K, capacity 6706K, committed 6912K, reserved 1056768K
  class space    used 691K, capacity 764K, committed 768K, reserved 1048576K
Event: 9.456 GC heap after
Heap after GC invocations=20 (full 3):
 PSYoungGen      total 269824K, used 144620K [0x00000000d5c00000, 0x00000000f0800000, 0x0000000100000000)
  eden space 106496K, 0% used [0x00000000d5c00000,0x00000000d5c00000,0x00000000dc400000)
  from space 163328K, 88% used [0x00000000dc400000,0x00000000e513b360,0x00000000e6380000)
  to   space 154112K, 0% used [0x00000000e6380000,0x00000000e6380000,0x00000000efa00000)
 ParOldGen       total 445952K, used 278146K [0x0000000081400000, 0x000000009c780000, 0x00000000d5c00000)
  object space 445952K, 62% used [0x0000000081400000,0x00000000923a0bc0,0x000000009c780000)
 Metaspace       used 6480K, capacity 6706K, committed 6912K, reserved 1056768K
  class space    used 691K, capacity 764K, committed 768K, reserved 1048576K
}

Deoptimization events (10 events):
Event: 0.976 Thread 0x0000000002d20800 Uncommon trap: reason=array_check action=maybe_recompile pc=0x0000000002fc73b8 method=java.util.AbstractCollection.toArray([Ljava/lang/Object;)[Ljava/lang/Object; @ 119
Event: 0.977 Thread 0x0000000002d20800 Uncommon trap: reason=array_check action=maybe_recompile pc=0x0000000002fc73b8 method=java.util.AbstractCollection.toArray([Ljava/lang/Object;)[Ljava/lang/Object; @ 119
Event: 3.124 Thread 0x0000000002d20800 Uncommon trap: reason=unstable_if action=reinterpret pc=0x0000000002feded0 method=com.csvreader.CsvReader.readRecord()Z @ 1634
Event: 4.759 Thread 0x0000000002d20800 Uncommon trap: reason=unstable_if action=reinterpret pc=0x0000000003062574 method=sun.misc.FloatingDecimal.readJavaFormatString(Ljava/lang/String;)Lsun/misc/FloatingDecimal$ASCIIToBinaryConverter; @ 437
Event: 4.972 Thread 0x0000000002d20800 Uncommon trap: reason=unstable_if action=reinterpret pc=0x000000000305fe18 method=java.util.HashMap.keySet()Ljava/util/Set; @ 6
Event: 8.020 Thread 0x0000000002d20800 Uncommon trap: reason=unstable_if action=reinterpret pc=0x00000000030f41e0 method=DP.Model_tools.predict(Ljava/util/Map;[[D)Ljava/util/List; @ 205
Event: 8.168 Thread 0x0000000002d20800 Uncommon trap: reason=unstable_if action=reinterpret pc=0x0000000002fc7d40 method=java.util.Arrays.copyOf([Ljava/lang/Object;ILjava/lang/Class;)[Ljava/lang/Object; @ 3
Event: 8.195 Thread 0x0000000002d20800 Uncommon trap: reason=unstable_if action=reinterpret pc=0x0000000003060184 method=java.util.HashMap$HashIterator.<init>(Ljava/util/HashMap;)V @ 38
Event: 8.219 Thread 0x0000000002d20800 Uncommon trap: reason=class_check action=maybe_recompile pc=0x0000000002fd1f04 method=java.util.AbstractCollection.toArray([Ljava/lang/Object;)[Ljava/lang/Object; @ 1
Event: 9.021 Thread 0x0000000002d20800 Uncommon trap: reason=unstable_if action=reinterpret pc=0x000000000319f370 method=DP.Model_tools.print_result(Ljava/util/List;)V @ 350

Internal exceptions (10 events):
Event: 0.122 Thread 0x0000000002d20800 Exception <a 'java/security/PrivilegedActionException'> (0x00000000d5cea3b0) thrown at [C:\re\workspace\8-2-build-windows-amd64-cygwin\jdk8u131\8869\hotspot\src\share\vm\prims\jvm.cpp, line 1390]
Event: 0.123 Thread 0x0000000002d20800 Exception <a 'java/security/PrivilegedActionException'> (0x00000000d5d29ee8) thrown at [C:\re\workspace\8-2-build-windows-amd64-cygwin\jdk8u131\8869\hotspot\src\share\vm\prims\jvm.cpp, line 1390]
Event: 0.123 Thread 0x0000000002d20800 Exception <a 'java/security/PrivilegedActionException'> (0x00000000d5d2a0f8) thrown at [C:\re\workspace\8-2-build-windows-amd64-cygwin\jdk8u131\8869\hotspot\src\share\vm\prims\jvm.cpp, line 1390]
Event: 0.611 Thread 0x0000000002d20800 Exception <a 'java/security/PrivilegedActionException'> (0x00000000d5ec7808) thrown at [C:\re\workspace\8-2-build-windows-amd64-cygwin\jdk8u131\8869\hotspot\src\share\vm\prims\jvm.cpp, line 1390]
Event: 0.611 Thread 0x0000000002d20800 Exception <a 'java/security/PrivilegedActionException'> (0x00000000d5ec7a18) thrown at [C:\re\workspace\8-2-build-windows-amd64-cygwin\jdk8u131\8869\hotspot\src\share\vm\prims\jvm.cpp, line 1390]
Event: 0.612 Thread 0x0000000002d20800 Exception <a 'java/security/PrivilegedActionException'> (0x00000000d5eca090) thrown at [C:\re\workspace\8-2-build-windows-amd64-cygwin\jdk8u131\8869\hotspot\src\share\vm\prims\jvm.cpp, line 1390]
Event: 0.612 Thread 0x0000000002d20800 Exception <a 'java/security/PrivilegedActionException'> (0x00000000d5eca2a0) thrown at [C:\re\workspace\8-2-build-windows-amd64-cygwin\jdk8u131\8869\hotspot\src\share\vm\prims\jvm.cpp, line 1390]
Event: 8.195 Thread 0x0000000002d20800 Implicit null exception at 0x000000000306007b to 0x000000000306016d
Event: 8.217 Thread 0x0000000002d20800 Exception <a 'java/lang/NoSuchFieldError': method resolution failed> (0x00000000d88713e8) thrown at [C:\re\workspace\8-2-build-windows-amd64-cygwin\jdk8u131\8869\hotspot\src\share\vm\prims\methodHandles.cpp, line 1146]
Event: 8.218 Thread 0x0000000002d20800 Exception <a 'java/lang/NoSuchFieldError': method resolution failed> (0x00000000d887e708) thrown at [C:\re\workspace\8-2-build-windows-amd64-cygwin\jdk8u131\8869\hotspot\src\share\vm\prims\methodHandles.cpp, line 1146]

Events (10 events):
Event: 9.095 Thread 0x0000000002d20800 DEOPT PACKING pc=0x00000000031c34ab sp=0x0000000002d1ee20
Event: 9.095 Thread 0x0000000002d20800 DEOPT UNPACKING pc=0x0000000002e6787f sp=0x0000000002d1ec38 mode 0
Event: 9.095 Thread 0x0000000002d20800 DEOPT PACKING pc=0x00000000031c34ab sp=0x0000000002d1ee20
Event: 9.095 Thread 0x0000000002d20800 DEOPT UNPACKING pc=0x0000000002e6787f sp=0x0000000002d1ec38 mode 0
Event: 9.095 Thread 0x0000000002d20800 DEOPT PACKING pc=0x00000000031c34ab sp=0x0000000002d1ee20
Event: 9.095 Thread 0x0000000002d20800 DEOPT UNPACKING pc=0x0000000002e6787f sp=0x0000000002d1ec38 mode 0
Event: 9.096 Thread 0x0000000002d20800 DEOPT PACKING pc=0x00000000031c34ab sp=0x0000000002d1ee20
Event: 9.096 Thread 0x0000000002d20800 DEOPT UNPACKING pc=0x0000000002e6787f sp=0x0000000002d1ec38 mode 0
Event: 9.404 Executing VM operation: ParallelGCFailedAllocation
Event: 9.456 Executing VM operation: ParallelGCFailedAllocation done


Dynamic libraries:
0x00007ff779100000 - 0x00007ff779137000 	E:\java\jdk1.8\jdk\bin\javaw.exe
0x00007ffab6a60000 - 0x00007ffab6c50000 	C:\WINDOWS\SYSTEM32\ntdll.dll
0x00007ffab6050000 - 0x00007ffab6102000 	C:\WINDOWS\System32\KERNEL32.DLL
0x00007ffab43c0000 - 0x00007ffab4665000 	C:\WINDOWS\System32\KERNELBASE.dll
0x00007ffab1a70000 - 0x00007ffab1aff000 	C:\WINDOWS\SYSTEM32\apphelp.dll
0x00007ffab6180000 - 0x00007ffab6223000 	C:\WINDOWS\System32\ADVAPI32.dll
0x00007ffab6460000 - 0x00007ffab64fe000 	C:\WINDOWS\System32\msvcrt.dll
0x00007ffab6800000 - 0x00007ffab6897000 	C:\WINDOWS\System32\sechost.dll
0x00007ffab4ff0000 - 0x00007ffab5110000 	C:\WINDOWS\System32\RPCRT4.dll
0x00007ffab62c0000 - 0x00007ffab6454000 	C:\WINDOWS\System32\USER32.dll
0x00007ffab4390000 - 0x00007ffab43b1000 	C:\WINDOWS\System32\win32u.dll
0x00007ffab6910000 - 0x00007ffab6936000 	C:\WINDOWS\System32\GDI32.dll
0x00007ffab4940000 - 0x00007ffab4ad6000 	C:\WINDOWS\System32\gdi32full.dll
0x00007ffab48a0000 - 0x00007ffab493e000 	C:\WINDOWS\System32\msvcp_win.dll
0x00007ffab4670000 - 0x00007ffab476a000 	C:\WINDOWS\System32\ucrtbase.dll
0x00007ffaa4420000 - 0x00007ffaa46a4000 	C:\WINDOWS\WinSxS\amd64_microsoft.windows.common-controls_6595b64144ccf1df_6.0.18362.1198_none_9e820b57e45ad92f\COMCTL32.dll
0x00007ffab4b10000 - 0x00007ffab4e45000 	C:\WINDOWS\System32\combase.dll
0x00007ffab4310000 - 0x00007ffab4390000 	C:\WINDOWS\System32\bcryptPrimitives.dll
0x00007ffab6940000 - 0x00007ffab696e000 	C:\WINDOWS\System32\IMM32.DLL
0x00000000770f0000 - 0x00000000771c2000 	E:\java\jdk1.8\jdk\jre\bin\msvcr100.dll
0x0000000076850000 - 0x00000000770ec000 	E:\java\jdk1.8\jdk\jre\bin\server\jvm.dll
0x00007ffab6230000 - 0x00007ffab6238000 	C:\WINDOWS\System32\PSAPI.DLL
0x00007ffab13c0000 - 0x00007ffab13c9000 	C:\WINDOWS\SYSTEM32\WSOCK32.dll
0x00007ffaadf70000 - 0x00007ffaadf7a000 	C:\WINDOWS\SYSTEM32\VERSION.dll
0x00007ffab0230000 - 0x00007ffab0254000 	C:\WINDOWS\SYSTEM32\WINMM.dll
0x00007ffab6240000 - 0x00007ffab62af000 	C:\WINDOWS\System32\WS2_32.dll
0x00007ffab0200000 - 0x00007ffab022d000 	C:\WINDOWS\SYSTEM32\winmmbase.dll
0x00007ffab3b30000 - 0x00007ffab3b7a000 	C:\WINDOWS\System32\cfgmgr32.dll
0x0000000050b40000 - 0x0000000050b4f000 	E:\java\jdk1.8\jdk\jre\bin\verify.dll
0x0000000050000000 - 0x0000000050029000 	E:\java\jdk1.8\jdk\jre\bin\java.dll
0x0000000077540000 - 0x0000000077556000 	E:\java\jdk1.8\jdk\jre\bin\zip.dll
0x00007ffab56b0000 - 0x00007ffab5d97000 	C:\WINDOWS\System32\SHELL32.dll
0x00007ffab6970000 - 0x00007ffab6a19000 	C:\WINDOWS\System32\shcore.dll
0x00007ffab3b80000 - 0x00007ffab4301000 	C:\WINDOWS\System32\windows.storage.dll
0x00007ffab3920000 - 0x00007ffab3943000 	C:\WINDOWS\System32\profapi.dll
0x00007ffab3990000 - 0x00007ffab39da000 	C:\WINDOWS\System32\powrprof.dll
0x00007ffab3910000 - 0x00007ffab3920000 	C:\WINDOWS\System32\UMPDC.dll
0x00007ffab4e50000 - 0x00007ffab4ea2000 	C:\WINDOWS\System32\shlwapi.dll
0x00007ffab3950000 - 0x00007ffab3961000 	C:\WINDOWS\System32\kernel.appcore.dll
0x00007ffab4880000 - 0x00007ffab4897000 	C:\WINDOWS\System32\cryptsp.dll
0x00007ffab2cd0000 - 0x00007ffab2d03000 	C:\WINDOWS\system32\rsaenh.dll
0x00007ffab4ae0000 - 0x00007ffab4b06000 	C:\WINDOWS\System32\bcrypt.dll
0x00007ffab37f0000 - 0x00007ffab3815000 	C:\WINDOWS\SYSTEM32\USERENV.dll
0x00007ffab3330000 - 0x00007ffab333c000 	C:\WINDOWS\SYSTEM32\CRYPTBASE.dll
0x0000000076830000 - 0x000000007684a000 	E:\java\jdk1.8\jdk\jre\bin\net.dll
0x00007ffab3160000 - 0x00007ffab31c7000 	C:\WINDOWS\system32\mswsock.dll
0x00007ffab2e70000 - 0x00007ffab2eaa000 	C:\WINDOWS\SYSTEM32\IPHLPAPI.DLL
0x00007ffab6170000 - 0x00007ffab6178000 	C:\WINDOWS\System32\NSI.dll
0x00007ffaab6c0000 - 0x00007ffaab6d6000 	C:\WINDOWS\SYSTEM32\dhcpcsvc6.DLL
0x00007ffaac2b0000 - 0x00007ffaac2cc000 	C:\WINDOWS\SYSTEM32\dhcpcsvc.DLL
0x00007ffab2eb0000 - 0x00007ffab2f7b000 	C:\WINDOWS\SYSTEM32\DNSAPI.dll
0x0000000076810000 - 0x0000000076821000 	E:\java\jdk1.8\jdk\jre\bin\nio.dll
0x00007ffa65c80000 - 0x00007ffa66228000 	C:\Users\62786\AppData\Local\Temp\onnxruntime-java8521525440328821157\onnxruntime.dll
0x00007ffa80de0000 - 0x00007ffa80e72000 	C:\WINDOWS\SYSTEM32\MSVCP140.dll
0x00007ffaae770000 - 0x00007ffaae77c000 	C:\WINDOWS\SYSTEM32\VCRUNTIME140_1.dll
0x00007ffaaa660000 - 0x00007ffaaa68e000 	C:\WINDOWS\SYSTEM32\VCOMP140.DLL
0x00007ffaaf830000 - 0x00007ffaaf849000 	C:\WINDOWS\SYSTEM32\VCRUNTIME140.dll
0x00007ffaabd20000 - 0x00007ffaabd31000 	C:\Users\62786\AppData\Local\Temp\onnxruntime-java8521525440328821157\onnxruntime4j_jni.dll

VM Arguments:
jvm_args: -Djava.library.path=F:\LocalJava\DiskPredict\libs -Dfile.encoding=UTF-8 
java_command: DP.ONNX_Model
java_class_path (initial): F:\LocalJava\DiskPredict_2.0\bin;F:\LocalJava\DiskPredict_2.0\libs\commons-math3-3.6.1.jar;F:\LocalJava\DiskPredict_2.0\libs\dom4j-2.1.3.jar;F:\LocalJava\DiskPredict_2.0\libs\guava-27.0-jre.jar;F:\LocalJava\DiskPredict_2.0\libs\javacsv-2.0.jar;F:\LocalJava\DiskPredict_2.0\libs\jaxb-api-2.3.0.jar;F:\LocalJava\DiskPredict_2.0\libs\jaxb-core-2.3.0.jar;F:\LocalJava\DiskPredict_2.0\libs\jaxb-impl-2.3.0.jar;F:\LocalJava\DiskPredict_2.0\libs\json-20180130.jar;F:\LocalJava\DiskPredict_2.0\libs\onnxruntime-1.5.2.jar;F:\LocalJava\DiskPredict_2.0\libs\pmml-agent-1.4.8.jar;F:\LocalJava\DiskPredict_2.0\libs\pmml-evaluator-1.4.7.jar;F:\LocalJava\DiskPredict_2.0\libs\pmml-evaluator-extension-1.4.7.jar;F:\LocalJava\DiskPredict_2.0\libs\pmml-model-1.4.8.jar;F:\LocalJava\DiskPredict_2.0\libs\rocksdb-6.jar
Launcher Type: SUN_STANDARD

Environment Variables:
JAVA_HOME=E:\java\jdk1.7\jdk
PATH=C:/Users/62786/.p2/pool/plugins/org.eclipse.justj.openjdk.hotspot.jre.full.win32.x86_64_14.0.2.v20200815-0932/jre/bin/server;C:/Users/62786/.p2/pool/plugins/org.eclipse.justj.openjdk.hotspot.jre.full.win32.x86_64_14.0.2.v20200815-0932/jre/bin;E:\CUDA\Toolkit\bin;E:\CUDA\Toolkit\libnvvp;C:\ProgramData\Oracle\Java\javapath;E:\XShell\;E:\Xftp\;C:\WINDOWS\system32;C:\WINDOWS;C:\WINDOWS\System32\Wbem;C:\WINDOWS\System32\WindowsPowerShell\v1.0\;C:\Program Files\IDM Computer Solutions\UltraEdit;C:\Users\62786\AppData\Local\Programs\Python\Python38;C:\Users\62786\AppData\Local\Programs\Python\Python38\Scripts;C:\WINDOWS\System32\OpenSSH\;C:\Program Files\NVIDIA Corporation\NVIDIA NvDLISR;E:\java\jdk1.7\jdk\bin;E:\CUDA\Toolkit\bin;E:\CUDA\Toolkit\lib\x64;E:\CUDA\Samples\bin\win64;E:\CUDA\Samples\common\lib\x64;C:\Users\62786\AppData\Local\Programs\Python\Python37\Scripts\;C:\Users\62786\AppData\Local\Programs\Python\Python37\;D:\Python3.7.3\Scripts\;D:\Python3.7.3\;C:\Users\62786\AppData\Local\Microsoft\WindowsApps;E:\Maven_repo;C:\Users\62786\AppData\Roaming\npm;C:\Users\62786\AppData\Local\atom\bin;E:\GitHubDesktop\bin;C:\Users\62786\AppData\Local\Microsoft\WindowsApps;D:\Microsoft VS Code\bin;C:\WINDOWS\System32;
USERNAME=62786
OS=Windows_NT
PROCESSOR_IDENTIFIER=Intel64 Family 6 Model 94 Stepping 3, GenuineIntel



---------------  S Y S T E M  ---------------

OS: Windows 10.0 , 64 bit Build 18362 (10.0.18362.1110)

CPU:total 8 (initial active 8) (4 cores per cpu, 2 threads per core) family 6 model 94 stepping 3, cmov, cx8, fxsr, mmx, sse, sse2, sse3, ssse3, sse4.1, sse4.2, popcnt, avx, avx2, aes, clmul, erms, rtm, 3dnowpref, lzcnt, ht, tsc, tscinvbit, bmi1, bmi2, adx

Memory: 4k page, physical 8300324k(867668k free), swap 25513276k(5376k free)

vm_info: Java HotSpot(TM) 64-Bit Server VM (25.131-b11) for windows-amd64 JRE (1.8.0_131-b11), built on Mar 15 2017 01:23:53 by "java_re" with MS VC++ 10.0 (VS2010)

time: Thu Nov 26 17:40:33 2020
elapsed time: 9 seconds (0d 0h 0m 9s)

